[2024-12-11 17:07:41,059] INFO [Controller id=0] Processing automatic preferred replica leader election (kafka.controller.KafkaController)
[2024-12-11 17:07:41,062] TRACE [Controller id=0] Checking need to trigger auto leader balancing (kafka.controller.KafkaController)
[2024-12-11 17:07:41,064] DEBUG [Controller id=0] Topics not in preferred replica for broker 0 HashMap() (kafka.controller.KafkaController)
[2024-12-11 17:07:41,064] TRACE [Controller id=0] Leader imbalance ratio for broker 0 is 0.0 (kafka.controller.KafkaController)
[2024-12-11 17:13:07,548] INFO [Controller id=0] Processing automatic preferred replica leader election (kafka.controller.KafkaController)
[2024-12-11 17:13:07,549] TRACE [Controller id=0] Checking need to trigger auto leader balancing (kafka.controller.KafkaController)
[2024-12-11 17:13:07,551] DEBUG [Controller id=0] Topics not in preferred replica for broker 0 HashMap() (kafka.controller.KafkaController)
[2024-12-11 17:13:07,551] TRACE [Controller id=0] Leader imbalance ratio for broker 0 is 0.0 (kafka.controller.KafkaController)
[2024-12-11 17:18:36,962] INFO [Controller id=0] Processing automatic preferred replica leader election (kafka.controller.KafkaController)
[2024-12-11 17:18:36,963] TRACE [Controller id=0] Checking need to trigger auto leader balancing (kafka.controller.KafkaController)
[2024-12-11 17:18:36,970] DEBUG [Controller id=0] Topics not in preferred replica for broker 0 HashMap() (kafka.controller.KafkaController)
[2024-12-11 17:18:36,970] TRACE [Controller id=0] Leader imbalance ratio for broker 0 is 0.0 (kafka.controller.KafkaController)
[2024-12-11 17:25:40,233] INFO [Controller id=0] Processing automatic preferred replica leader election (kafka.controller.KafkaController)
[2024-12-11 17:25:40,233] TRACE [Controller id=0] Checking need to trigger auto leader balancing (kafka.controller.KafkaController)
[2024-12-11 17:25:40,236] DEBUG [Controller id=0] Topics not in preferred replica for broker 0 HashMap() (kafka.controller.KafkaController)
[2024-12-11 17:25:40,236] TRACE [Controller id=0] Leader imbalance ratio for broker 0 is 0.0 (kafka.controller.KafkaController)
[2024-12-11 17:31:09,737] INFO [Controller id=0] Processing automatic preferred replica leader election (kafka.controller.KafkaController)
[2024-12-11 17:31:09,740] TRACE [Controller id=0] Checking need to trigger auto leader balancing (kafka.controller.KafkaController)
[2024-12-11 17:31:09,743] DEBUG [Controller id=0] Topics not in preferred replica for broker 0 HashMap() (kafka.controller.KafkaController)
[2024-12-11 17:31:09,743] TRACE [Controller id=0] Leader imbalance ratio for broker 0 is 0.0 (kafka.controller.KafkaController)
[2024-12-11 17:36:36,124] INFO [Controller id=0] Processing automatic preferred replica leader election (kafka.controller.KafkaController)
[2024-12-11 17:36:36,126] TRACE [Controller id=0] Checking need to trigger auto leader balancing (kafka.controller.KafkaController)
[2024-12-11 17:36:36,130] DEBUG [Controller id=0] Topics not in preferred replica for broker 0 HashMap() (kafka.controller.KafkaController)
[2024-12-11 17:36:36,131] TRACE [Controller id=0] Leader imbalance ratio for broker 0 is 0.0 (kafka.controller.KafkaController)
[2024-12-11 17:42:02,485] INFO [Controller id=0] Processing automatic preferred replica leader election (kafka.controller.KafkaController)
[2024-12-11 17:42:02,485] TRACE [Controller id=0] Checking need to trigger auto leader balancing (kafka.controller.KafkaController)
[2024-12-11 17:42:02,487] DEBUG [Controller id=0] Topics not in preferred replica for broker 0 HashMap() (kafka.controller.KafkaController)
[2024-12-11 17:42:02,487] TRACE [Controller id=0] Leader imbalance ratio for broker 0 is 0.0 (kafka.controller.KafkaController)
[2024-12-11 17:47:28,947] INFO [Controller id=0] Processing automatic preferred replica leader election (kafka.controller.KafkaController)
[2024-12-11 17:47:28,947] TRACE [Controller id=0] Checking need to trigger auto leader balancing (kafka.controller.KafkaController)
[2024-12-11 17:47:28,949] DEBUG [Controller id=0] Topics not in preferred replica for broker 0 HashMap() (kafka.controller.KafkaController)
[2024-12-11 17:47:28,949] TRACE [Controller id=0] Leader imbalance ratio for broker 0 is 0.0 (kafka.controller.KafkaController)
[2024-12-11 17:52:58,384] INFO [Controller id=0] Processing automatic preferred replica leader election (kafka.controller.KafkaController)
[2024-12-11 17:52:58,384] TRACE [Controller id=0] Checking need to trigger auto leader balancing (kafka.controller.KafkaController)
[2024-12-11 17:52:58,385] DEBUG [Controller id=0] Topics not in preferred replica for broker 0 HashMap() (kafka.controller.KafkaController)
[2024-12-11 17:52:58,385] TRACE [Controller id=0] Leader imbalance ratio for broker 0 is 0.0 (kafka.controller.KafkaController)
[2024-12-11 17:58:53,610] INFO [Controller id=0] Shutting down broker 0 (kafka.controller.KafkaController)
[2024-12-11 17:58:53,610] DEBUG [Controller id=0] All shutting down brokers: 0 (kafka.controller.KafkaController)
[2024-12-11 17:58:53,612] DEBUG [Controller id=0] Live brokers:  (kafka.controller.KafkaController)
[2024-12-11 17:58:53,622] TRACE [Controller id=0] All leaders = __consumer_offsets-13 -> (Leader:0,ISR:0,LeaderRecoveryState:RECOVERED,LeaderEpoch:0,ZkVersion:0,ControllerEpoch:1),__consumer_offsets-46 -> (Leader:0,ISR:0,LeaderRecoveryState:RECOVERED,LeaderEpoch:0,ZkVersion:0,ControllerEpoch:1),__consumer_offsets-9 -> (Leader:0,ISR:0,LeaderRecoveryState:RECOVERED,LeaderEpoch:0,ZkVersion:0,ControllerEpoch:1),__consumer_offsets-42 -> (Leader:0,ISR:0,LeaderRecoveryState:RECOVERED,LeaderEpoch:0,ZkVersion:0,ControllerEpoch:1),__consumer_offsets-21 -> (Leader:0,ISR:0,LeaderRecoveryState:RECOVERED,LeaderEpoch:0,ZkVersion:0,ControllerEpoch:1),__consumer_offsets-17 -> (Leader:0,ISR:0,LeaderRecoveryState:RECOVERED,LeaderEpoch:0,ZkVersion:0,ControllerEpoch:1),__consumer_offsets-30 -> (Leader:0,ISR:0,LeaderRecoveryState:RECOVERED,LeaderEpoch:0,ZkVersion:0,ControllerEpoch:1),__consumer_offsets-26 -> (Leader:0,ISR:0,LeaderRecoveryState:RECOVERED,LeaderEpoch:0,ZkVersion:0,ControllerEpoch:1),__consumer_offsets-5 -> (Leader:0,ISR:0,LeaderRecoveryState:RECOVERED,LeaderEpoch:0,ZkVersion:0,ControllerEpoch:1),__consumer_offsets-38 -> (Leader:0,ISR:0,LeaderRecoveryState:RECOVERED,LeaderEpoch:0,ZkVersion:0,ControllerEpoch:1),__consumer_offsets-1 -> (Leader:0,ISR:0,LeaderRecoveryState:RECOVERED,LeaderEpoch:0,ZkVersion:0,ControllerEpoch:1),__consumer_offsets-34 -> (Leader:0,ISR:0,LeaderRecoveryState:RECOVERED,LeaderEpoch:0,ZkVersion:0,ControllerEpoch:1),__consumer_offsets-16 -> (Leader:0,ISR:0,LeaderRecoveryState:RECOVERED,LeaderEpoch:0,ZkVersion:0,ControllerEpoch:1),__consumer_offsets-45 -> (Leader:0,ISR:0,LeaderRecoveryState:RECOVERED,LeaderEpoch:0,ZkVersion:0,ControllerEpoch:1),__consumer_offsets-12 -> (Leader:0,ISR:0,LeaderRecoveryState:RECOVERED,LeaderEpoch:0,ZkVersion:0,ControllerEpoch:1),__consumer_offsets-41 -> (Leader:0,ISR:0,LeaderRecoveryState:RECOVERED,LeaderEpoch:0,ZkVersion:0,ControllerEpoch:1),__consumer_offsets-24 -> (Leader:0,ISR:0,LeaderRecoveryState:RECOVERED,LeaderEpoch:0,ZkVersion:0,ControllerEpoch:1),__consumer_offsets-20 -> (Leader:0,ISR:0,LeaderRecoveryState:RECOVERED,LeaderEpoch:0,ZkVersion:0,ControllerEpoch:1),__consumer_offsets-49 -> (Leader:0,ISR:0,LeaderRecoveryState:RECOVERED,LeaderEpoch:0,ZkVersion:0,ControllerEpoch:1),event_logging-0 -> (Leader:0,ISR:0,LeaderRecoveryState:RECOVERED,LeaderEpoch:0,ZkVersion:0,ControllerEpoch:1),__consumer_offsets-0 -> (Leader:0,ISR:0,LeaderRecoveryState:RECOVERED,LeaderEpoch:0,ZkVersion:0,ControllerEpoch:1),__consumer_offsets-29 -> (Leader:0,ISR:0,LeaderRecoveryState:RECOVERED,LeaderEpoch:0,ZkVersion:0,ControllerEpoch:1),__consumer_offsets-25 -> (Leader:0,ISR:0,LeaderRecoveryState:RECOVERED,LeaderEpoch:0,ZkVersion:0,ControllerEpoch:1),__consumer_offsets-8 -> (Leader:0,ISR:0,LeaderRecoveryState:RECOVERED,LeaderEpoch:0,ZkVersion:0,ControllerEpoch:1),__consumer_offsets-37 -> (Leader:0,ISR:0,LeaderRecoveryState:RECOVERED,LeaderEpoch:0,ZkVersion:0,ControllerEpoch:1),__consumer_offsets-4 -> (Leader:0,ISR:0,LeaderRecoveryState:RECOVERED,LeaderEpoch:0,ZkVersion:0,ControllerEpoch:1),__consumer_offsets-33 -> (Leader:0,ISR:0,LeaderRecoveryState:RECOVERED,LeaderEpoch:0,ZkVersion:0,ControllerEpoch:1),__consumer_offsets-15 -> (Leader:0,ISR:0,LeaderRecoveryState:RECOVERED,LeaderEpoch:0,ZkVersion:0,ControllerEpoch:1),__consumer_offsets-48 -> (Leader:0,ISR:0,LeaderRecoveryState:RECOVERED,LeaderEpoch:0,ZkVersion:0,ControllerEpoch:1),__consumer_offsets-11 -> (Leader:0,ISR:0,LeaderRecoveryState:RECOVERED,LeaderEpoch:0,ZkVersion:0,ControllerEpoch:1),__consumer_offsets-44 -> (Leader:0,ISR:0,LeaderRecoveryState:RECOVERED,LeaderEpoch:0,ZkVersion:0,ControllerEpoch:1),__consumer_offsets-23 -> (Leader:0,ISR:0,LeaderRecoveryState:RECOVERED,LeaderEpoch:0,ZkVersion:0,ControllerEpoch:1),__consumer_offsets-19 -> (Leader:0,ISR:0,LeaderRecoveryState:RECOVERED,LeaderEpoch:0,ZkVersion:0,ControllerEpoch:1),__consumer_offsets-32 -> (Leader:0,ISR:0,LeaderRecoveryState:RECOVERED,LeaderEpoch:0,ZkVersion:0,ControllerEpoch:1),__consumer_offsets-28 -> (Leader:0,ISR:0,LeaderRecoveryState:RECOVERED,LeaderEpoch:0,ZkVersion:0,ControllerEpoch:1),__consumer_offsets-7 -> (Leader:0,ISR:0,LeaderRecoveryState:RECOVERED,LeaderEpoch:0,ZkVersion:0,ControllerEpoch:1),__consumer_offsets-40 -> (Leader:0,ISR:0,LeaderRecoveryState:RECOVERED,LeaderEpoch:0,ZkVersion:0,ControllerEpoch:1),__consumer_offsets-3 -> (Leader:0,ISR:0,LeaderRecoveryState:RECOVERED,LeaderEpoch:0,ZkVersion:0,ControllerEpoch:1),__consumer_offsets-36 -> (Leader:0,ISR:0,LeaderRecoveryState:RECOVERED,LeaderEpoch:0,ZkVersion:0,ControllerEpoch:1),__consumer_offsets-47 -> (Leader:0,ISR:0,LeaderRecoveryState:RECOVERED,LeaderEpoch:0,ZkVersion:0,ControllerEpoch:1),__consumer_offsets-14 -> (Leader:0,ISR:0,LeaderRecoveryState:RECOVERED,LeaderEpoch:0,ZkVersion:0,ControllerEpoch:1),__consumer_offsets-43 -> (Leader:0,ISR:0,LeaderRecoveryState:RECOVERED,LeaderEpoch:0,ZkVersion:0,ControllerEpoch:1),__consumer_offsets-10 -> (Leader:0,ISR:0,LeaderRecoveryState:RECOVERED,LeaderEpoch:0,ZkVersion:0,ControllerEpoch:1),__consumer_offsets-22 -> (Leader:0,ISR:0,LeaderRecoveryState:RECOVERED,LeaderEpoch:0,ZkVersion:0,ControllerEpoch:1),__consumer_offsets-18 -> (Leader:0,ISR:0,LeaderRecoveryState:RECOVERED,LeaderEpoch:0,ZkVersion:0,ControllerEpoch:1),__consumer_offsets-31 -> (Leader:0,ISR:0,LeaderRecoveryState:RECOVERED,LeaderEpoch:0,ZkVersion:0,ControllerEpoch:1),__consumer_offsets-27 -> (Leader:0,ISR:0,LeaderRecoveryState:RECOVERED,LeaderEpoch:0,ZkVersion:0,ControllerEpoch:1),__consumer_offsets-39 -> (Leader:0,ISR:0,LeaderRecoveryState:RECOVERED,LeaderEpoch:0,ZkVersion:0,ControllerEpoch:1),__consumer_offsets-6 -> (Leader:0,ISR:0,LeaderRecoveryState:RECOVERED,LeaderEpoch:0,ZkVersion:0,ControllerEpoch:1),__consumer_offsets-35 -> (Leader:0,ISR:0,LeaderRecoveryState:RECOVERED,LeaderEpoch:0,ZkVersion:0,ControllerEpoch:1),__consumer_offsets-2 -> (Leader:0,ISR:0,LeaderRecoveryState:RECOVERED,LeaderEpoch:0,ZkVersion:0,ControllerEpoch:1) (kafka.controller.KafkaController)
[2024-12-11 17:58:54,184] INFO [ControllerEventThread controllerId=0] Shutting down (kafka.controller.ControllerEventManager$ControllerEventThread)
[2024-12-11 17:58:54,184] INFO [ControllerEventThread controllerId=0] Stopped (kafka.controller.ControllerEventManager$ControllerEventThread)
[2024-12-11 17:58:54,184] INFO [ControllerEventThread controllerId=0] Shutdown completed (kafka.controller.ControllerEventManager$ControllerEventThread)
[2024-12-11 17:58:54,185] DEBUG [Controller id=0] Resigning (kafka.controller.KafkaController)
[2024-12-11 17:58:54,186] DEBUG [Controller id=0] Unregister BrokerModifications handler for Set(0) (kafka.controller.KafkaController)
[2024-12-11 17:58:54,187] INFO [PartitionStateMachine controllerId=0] Stopped partition state machine (kafka.controller.ZkPartitionStateMachine)
[2024-12-11 17:58:54,194] INFO [ReplicaStateMachine controllerId=0] Stopped replica state machine (kafka.controller.ZkReplicaStateMachine)
[2024-12-11 17:58:54,195] INFO [RequestSendThread controllerId=0] Shutting down (kafka.controller.RequestSendThread)
[2024-12-11 17:58:54,196] INFO [RequestSendThread controllerId=0] Stopped (kafka.controller.RequestSendThread)
[2024-12-11 17:58:54,196] INFO [RequestSendThread controllerId=0] Shutdown completed (kafka.controller.RequestSendThread)
[2024-12-11 17:58:54,197] INFO [Controller id=0] Resigned (kafka.controller.KafkaController)
